<?xml version="1.0" encoding="UTF-8"?>
<testng-results ignored="0" total="2" passed="2" failed="0" skipped="0">
  <reporter-output>
  </reporter-output>
  <suite started-at="2020-07-25T12:07:15 CDT" name="com.cjnet.CompodActionsTest" finished-at="2020-07-25T12:08:23 CDT" duration-ms="68643">
    <groups>
    </groups>
    <test started-at="2020-07-25T12:07:15 CDT" name="Command line test" finished-at="2020-07-25T12:08:23 CDT" duration-ms="68643">
      <class name="com.cjnet.CompodActionsTest">
        <test-method is-config="true" signature="setUp()[pri:0, instance:com.cjnet.CompodActionsTest@536aaa8d]" started-at="2020-07-25T12:07:15 CDT" name="setUp" finished-at="2020-07-25T12:07:33 CDT" duration-ms="18675" status="PASS">
          <reporter-output>
          </reporter-output>
        </test-method> <!-- setUp -->
        <test-method signature="checkAlreadyMarked()[pri:1, instance:com.cjnet.CompodActionsTest@536aaa8d]" started-at="2020-07-25T12:07:33 CDT" name="checkAlreadyMarked" finished-at="2020-07-25T12:08:05 CDT" duration-ms="31548" status="PASS">
          <reporter-output>
          </reporter-output>
        </test-method> <!-- checkAlreadyMarked -->
        <test-method signature="loginAndMarking()[pri:2, instance:com.cjnet.CompodActionsTest@536aaa8d]" started-at="2020-07-25T12:08:05 CDT" name="loginAndMarking" finished-at="2020-07-25T12:08:22 CDT" duration-ms="16659" status="PASS">
          <reporter-output>
          </reporter-output>
        </test-method> <!-- loginAndMarking -->
        <test-method is-config="true" signature="tearDown()[pri:0, instance:com.cjnet.CompodActionsTest@536aaa8d]" started-at="2020-07-25T12:08:22 CDT" name="tearDown" finished-at="2020-07-25T12:08:23 CDT" duration-ms="1716" status="PASS">
          <reporter-output>
          </reporter-output>
        </test-method> <!-- tearDown -->
      </class> <!-- com.cjnet.CompodActionsTest -->
    </test> <!-- Command line test -->
  </suite> <!-- com.cjnet.CompodActionsTest -->
</testng-results>
