<?xml version="1.0" encoding="UTF-8"?>
<testng-results ignored="0" total="2" passed="2" failed="0" skipped="0">
  <reporter-output>
  </reporter-output>
  <suite started-at="2020-07-28T11:19:10 CDT" name="Default suite" finished-at="2020-07-28T11:20:29 CDT" duration-ms="78147">
    <groups>
    </groups>
    <test started-at="2020-07-28T11:19:10 CDT" name="Default test" finished-at="2020-07-28T11:20:29 CDT" duration-ms="78147">
      <class name="com.cjnet.CompodActionsTest">
        <test-method is-config="true" signature="setUp()[pri:0, instance:com.cjnet.CompodActionsTest@58d75e99]" started-at="2020-07-28T11:19:10 CDT" name="setUp" finished-at="2020-07-28T11:19:36 CDT" duration-ms="25328" status="PASS">
          <reporter-output>
          </reporter-output>
        </test-method> <!-- setUp -->
        <test-method signature="checkAlreadyMarked()[pri:1, instance:com.cjnet.CompodActionsTest@58d75e99]" started-at="2020-07-28T11:19:36 CDT" name="checkAlreadyMarked" finished-at="2020-07-28T11:20:16 CDT" duration-ms="40456" status="PASS">
          <reporter-output>
          </reporter-output>
        </test-method> <!-- checkAlreadyMarked -->
        <test-method signature="loginAndMarking()[pri:2, instance:com.cjnet.CompodActionsTest@58d75e99]" started-at="2020-07-28T11:20:16 CDT" name="loginAndMarking" finished-at="2020-07-28T11:20:26 CDT" duration-ms="9335" status="PASS">
          <reporter-output>
          </reporter-output>
        </test-method> <!-- loginAndMarking -->
        <test-method is-config="true" signature="tearDown()[pri:0, instance:com.cjnet.CompodActionsTest@58d75e99]" started-at="2020-07-28T11:20:26 CDT" name="tearDown" finished-at="2020-07-28T11:20:29 CDT" duration-ms="2872" status="PASS">
          <reporter-output>
          </reporter-output>
        </test-method> <!-- tearDown -->
      </class> <!-- com.cjnet.CompodActionsTest -->
    </test> <!-- Default test -->
  </suite> <!-- Default suite -->
</testng-results>
